Determining if the pthread_create exist failed with the following output:
Change Dir: /home/viki/my_ws/src/gpsd_viewer/build/CMakeFiles/CMakeTmp

Run Build Command:/usr/bin/make "cmTryCompileExec351196368/fast"
make[1]: Entering directory `/home/viki/my_ws/src/gpsd_viewer/build/CMakeFiles/CMakeTmp'
/usr/bin/make -f CMakeFiles/cmTryCompileExec351196368.dir/build.make CMakeFiles/cmTryCompileExec351196368.dir/build
make[2]: Entering directory `/home/viki/my_ws/src/gpsd_viewer/build/CMakeFiles/CMakeTmp'
/usr/bin/cmake -E cmake_progress_report /home/viki/my_ws/src/gpsd_viewer/build/CMakeFiles/CMakeTmp/CMakeFiles 1
Building C object CMakeFiles/cmTryCompileExec351196368.dir/CheckSymbolExists.c.o
/usr/bin/cc    -o CMakeFiles/cmTryCompileExec351196368.dir/CheckSymbolExists.c.o   -c /home/viki/my_ws/src/gpsd_viewer/build/CMakeFiles/CMakeTmp/CheckSymbolExists.c
Linking C executable cmTryCompileExec351196368
/usr/bin/cmake -E cmake_link_script CMakeFiles/cmTryCompileExec351196368.dir/link.txt --verbose=1
/usr/bin/cc       CMakeFiles/cmTryCompileExec351196368.dir/CheckSymbolExists.c.o  -o cmTryCompileExec351196368 -rdynamic 
CMakeFiles/cmTryCompileExec351196368.dir/CheckSymbolExists.c.o: In function `main':
CheckSymbolExists.c:(.text+0x16): undefined reference to `pthread_create'
collect2: error: ld returned 1 exit status
make[2]: Leaving directory `/home/viki/my_ws/src/gpsd_viewer/build/CMakeFiles/CMakeTmp'
make[1]: Leaving directory `/home/viki/my_ws/src/gpsd_viewer/build/CMakeFiles/CMakeTmp'
make[2]: *** [cmTryCompileExec351196368] Error 1
make[1]: *** [cmTryCompileExec351196368/fast] Error 2

File /home/viki/my_ws/src/gpsd_viewer/build/CMakeFiles/CMakeTmp/CheckSymbolExists.c:
/* */
#include <pthread.h>

int main(int argc, char** argv)
{
  (void)argv;
#ifndef pthread_create
  return ((int*)(&pthread_create))[argc];
#else
  (void)argc;
  return 0;
#endif
}

Determining if the function pthread_create exists in the pthreads failed with the following output:
Change Dir: /home/viki/my_ws/src/gpsd_viewer/build/CMakeFiles/CMakeTmp

Run Build Command:/usr/bin/make "cmTryCompileExec2260147847/fast"
make[1]: Entering directory `/home/viki/my_ws/src/gpsd_viewer/build/CMakeFiles/CMakeTmp'
/usr/bin/make -f CMakeFiles/cmTryCompileExec2260147847.dir/build.make CMakeFiles/cmTryCompileExec2260147847.dir/build
make[2]: Entering directory `/home/viki/my_ws/src/gpsd_viewer/build/CMakeFiles/CMakeTmp'
/usr/bin/cmake -E cmake_progress_report /home/viki/my_ws/src/gpsd_viewer/build/CMakeFiles/CMakeTmp/CMakeFiles 1
Building C object CMakeFiles/cmTryCompileExec2260147847.dir/CheckFunctionExists.c.o
/usr/bin/cc   -DCHECK_FUNCTION_EXISTS=pthread_create   -o CMakeFiles/cmTryCompileExec2260147847.dir/CheckFunctionExists.c.o   -c /usr/share/cmake-2.8/Modules/CheckFunctionExists.c
Linking C executable cmTryCompileExec2260147847
/usr/bin/cmake -E cmake_link_script CMakeFiles/cmTryCompileExec2260147847.dir/link.txt --verbose=1
/usr/bin/cc   -DCHECK_FUNCTION_EXISTS=pthread_create    CMakeFiles/cmTryCompileExec2260147847.dir/CheckFunctionExists.c.o  -o cmTryCompileExec2260147847 -rdynamic -lpthreads 
/usr/bin/ld: cannot find -lpthreads
collect2: error: ld returned 1 exit status
make[2]: Leaving directory `/home/viki/my_ws/src/gpsd_viewer/build/CMakeFiles/CMakeTmp'
make[1]: Leaving directory `/home/viki/my_ws/src/gpsd_viewer/build/CMakeFiles/CMakeTmp'
make[2]: *** [cmTryCompileExec2260147847] Error 1
make[1]: *** [cmTryCompileExec2260147847/fast] Error 2


